<?xml version="1.0" encoding="UTF-8"?>
<!-- Generated by org.testng.reporters.JUnitReportReporter -->
<testsuite hostname="DESKTOP-QKCBHM1" failures="0" tests="5" name="generalTest.EndtoEndTest" time="31.518" errors="0" timestamp="2022-04-17T02:31:03 EET" skipped="0">
  <testcase classname="generalTest.EndtoEndTest" name="InvokeBrowser" time="0.794"/>
  <system-out/>
  <testcase classname="generalTest.EndtoEndTest" name="Register" time="5.773"/>
  <system-out/>
  <testcase classname="generalTest.EndtoEndTest" name="Shopping" time="9.172"/>
  <system-out/>
  <testcase classname="generalTest.EndtoEndTest" name="Checkout" time="8.452"/>
  <system-out/>
  <testcase classname="generalTest.EndtoEndTest" name="MyAccount" time="7.327"/>
  <system-out/>
</testsuite> <!-- generalTest.EndtoEndTest -->
