<?xml version="1.0" encoding="UTF-8"?>
<!-- Generated by org.testng.reporters.JUnitReportReporter -->
<testsuite hostname="DESKTOP-QKCBHM1" failures="0" tests="4" name="generalTest.EndtoEndTest" time="28.032" errors="0" timestamp="2022-04-04T03:58:15 EET" skipped="0">
  <testcase classname="generalTest.EndtoEndTest" name="InvokeBrowser" time="2.277"/>
  <system-out/>
  <testcase classname="generalTest.EndtoEndTest" name="Register" time="5.923"/>
  <system-out/>
  <testcase classname="generalTest.EndtoEndTest" name="Shopping" time="10.420"/>
  <system-out/>
  <testcase classname="generalTest.EndtoEndTest" name="Checkout" time="9.412"/>
  <system-out/>
</testsuite> <!-- generalTest.EndtoEndTest -->
