<?xml version="1.0" encoding="UTF-8"?>
<!-- Generated by org.testng.reporters.JUnitReportReporter -->
<testsuite hostname="DESKTOP-QKCBHM1" failures="0" tests="4" name="generalTest.EndtoEndTest" time="17.497" errors="0" timestamp="2022-04-04T03:33:17 EET" skipped="0">
  <testcase classname="generalTest.EndtoEndTest" name="InvokeBrowser" time="0.821"/>
  <system-out/>
  <testcase classname="generalTest.EndtoEndTest" name="Register" time="5.810"/>
  <system-out/>
  <testcase classname="generalTest.EndtoEndTest" name="Shopping" time="6.515"/>
  <system-out/>
  <testcase classname="generalTest.EndtoEndTest" name="Checkout" time="4.351"/>
  <system-out/>
</testsuite> <!-- generalTest.EndtoEndTest -->
